Started GET "/" for 172.19.0.1 at 2022-10-06 23:13:42 +0900
Processing by Rails::WelcomeController#index as HTML
  Rendering /usr/local/bundle/gems/railties-6.0.6/lib/rails/templates/rails/welcome/index.html.erb
  Rendered /usr/local/bundle/gems/railties-6.0.6/lib/rails/templates/rails/welcome/index.html.erb (Duration: 57.7ms | Allocations: 404)
Completed 200 OK in 415ms (Views: 165.0ms | ActiveRecord: 0.0ms | Allocations: 3436)


  [1m[35m (16.2ms)[0m  [1m[35mCREATE TABLE `schema_migrations` (`version` varchar(255) NOT NULL PRIMARY KEY)[0m
  [1m[35m (19.1ms)[0m  [1m[35mCREATE TABLE `ar_internal_metadata` (`key` varchar(255) NOT NULL PRIMARY KEY, `value` varchar(255), `created_at` datetime(6) NOT NULL, `updated_at` datetime(6) NOT NULL)[0m
  [1m[35m (1.9ms)[0m  [1m[34mSELECT GET_LOCK('8304327681930009975', 0)[0m
  [1m[35m (1.1ms)[0m  [1m[34mSELECT `schema_migrations`.`version` FROM `schema_migrations` ORDER BY `schema_migrations`.`version` ASC[0m
Migrating to CreatePosts (20221006141541)
  [1m[35m (23.9ms)[0m  [1m[35mCREATE TABLE `posts` (`id` bigint NOT NULL AUTO_INCREMENT PRIMARY KEY, `title` varchar(255), `created_at` datetime(6) NOT NULL, `updated_at` datetime(6) NOT NULL)[0m
  [1m[35m (1.8ms)[0m  [1m[35mBEGIN[0m
  [1m[36mActiveRecord::SchemaMigration Create (0.9ms)[0m  [1m[32mINSERT INTO `schema_migrations` (`version`) VALUES ('20221006141541')[0m
  [1m[35m (9.0ms)[0m  [1m[35mCOMMIT[0m
  [1m[36mActiveRecord::InternalMetadata Load (2.0ms)[0m  [1m[34mSELECT `ar_internal_metadata`.* FROM `ar_internal_metadata` WHERE `ar_internal_metadata`.`key` = 'environment' LIMIT 1[0m
  [1m[35m (0.3ms)[0m  [1m[35mBEGIN[0m
  [1m[36mActiveRecord::InternalMetadata Create (0.6ms)[0m  [1m[32mINSERT INTO `ar_internal_metadata` (`key`, `value`, `created_at`, `updated_at`) VALUES ('environment', 'development', '2022-10-06 14:20:34.707818', '2022-10-06 14:20:34.707818')[0m
  [1m[35m (2.7ms)[0m  [1m[35mCOMMIT[0m
  [1m[35m (0.5ms)[0m  [1m[34mSELECT RELEASE_LOCK('8304327681930009975')[0m
  [1m[35m (0.5ms)[0m  [1m[34mSELECT `schema_migrations`.`version` FROM `schema_migrations` ORDER BY `schema_migrations`.`version` ASC[0m
  [1m[35m (0.5ms)[0m  [1m[34mSELECT `schema_migrations`.`version` FROM `schema_migrations` ORDER BY `schema_migrations`.`version` ASC[0m
  [1m[35m (0.3ms)[0m  [1m[35mBEGIN[0m
  [1m[36mPost Create (0.6ms)[0m  [1m[32mINSERT INTO `posts` (`title`, `created_at`, `updated_at`) VALUES ('Next.js + Ruby on Rails + Docker の環境構築', '2022-10-06 14:21:22.380023', '2022-10-06 14:21:22.380023')[0m
  [1m[35m (3.2ms)[0m  [1m[35mCOMMIT[0m
  [1m[35m (0.3ms)[0m  [1m[35mBEGIN[0m
  [1m[36mPost Create (0.5ms)[0m  [1m[32mINSERT INTO `posts` (`title`, `created_at`, `updated_at`) VALUES ('React Hooks でカスタムフックを作る', '2022-10-06 14:21:22.393908', '2022-10-06 14:21:22.393908')[0m
  [1m[35m (2.1ms)[0m  [1m[35mCOMMIT[0m
  [1m[35m (0.3ms)[0m  [1m[35mBEGIN[0m
  [1m[36mPost Create (0.6ms)[0m  [1m[32mINSERT INTO `posts` (`title`, `created_at`, `updated_at`) VALUES ('GraphQL と Apollo Client 入門', '2022-10-06 14:21:22.405803', '2022-10-06 14:21:22.405803')[0m
  [1m[35m (3.0ms)[0m  [1m[35mCOMMIT[0m
  [1m[35m (0.5ms)[0m  [1m[35mBEGIN[0m
  [1m[36mPost Create (0.8ms)[0m  [1m[32mINSERT INTO `posts` (`title`, `created_at`, `updated_at`) VALUES ('【TypeScript4.3】Template Literal Types', '2022-10-06 14:21:22.423725', '2022-10-06 14:21:22.423725')[0m
  [1m[35m (8.7ms)[0m  [1m[35mCOMMIT[0m
  [1m[35m (0.3ms)[0m  [1m[35mBEGIN[0m
  [1m[36mPost Create (0.9ms)[0m  [1m[32mINSERT INTO `posts` (`title`, `created_at`, `updated_at`) VALUES ('Tailwind CSS でダークモード実装', '2022-10-06 14:21:22.456544', '2022-10-06 14:21:22.456544')[0m
  [1m[35m (9.0ms)[0m  [1m[35mCOMMIT[0m
Started GET "/posts" for 172.19.0.1 at 2022-10-06 23:21:28 +0900
  [1m[35m (0.5ms)[0m  [1m[34mSELECT `schema_migrations`.`version` FROM `schema_migrations` ORDER BY `schema_migrations`.`version` ASC[0m
Processing by PostsController#index as HTML
  [1m[36mPost Load (1.0ms)[0m  [1m[34mSELECT `posts`.* FROM `posts`[0m
  ↳ app/controllers/posts_controller.rb:8:in `index'
Completed 200 OK in 45ms (Views: 22.9ms | ActiveRecord: 4.9ms | Allocations: 4106)


Started GET "/posts" for 172.19.0.3 at 2022-10-06 23:29:14 +0900
  [1m[35m (1.1ms)[0m  [1m[34mSELECT `schema_migrations`.`version` FROM `schema_migrations` ORDER BY `schema_migrations`.`version` ASC[0m
Processing by PostsController#index as */*
  [1m[36mPost Load (1.6ms)[0m  [1m[34mSELECT `posts`.* FROM `posts`[0m
  ↳ app/controllers/posts_controller.rb:8:in `index'
Completed 200 OK in 47ms (Views: 19.9ms | ActiveRecord: 5.3ms | Allocations: 4116)


